[08:16:46.169] |-INFO nju.pt.client.AppUI => 未找到配置文件 C:\Users\VC\IdeaProjects\PTAssist\Client\config\setting.json，创建默认配置文件
[08:16:46.180] |-INFO JSON Saver => ===================== SavingJsonFile =====================
[08:16:46.195] |-INFO JSON Saver => save json file to: C:\Users\VC\IdeaProjects\PTAssist\Client\config\setting.json
[08:18:12.553] |-INFO nju.pt.client.AppUI => 未找到配置文件 C:\Users\VC\IdeaProjects\PTAssist\Client\config\setting.json，创建默认配置文件
[08:18:12.559] |-INFO JSON Saver => ===================== SavingJsonFile =====================
[08:18:12.571] |-INFO JSON Saver => save json file to: C:\Users\VC\IdeaProjects\PTAssist\Client\config\setting.json
[08:19:19.225] |-INFO nju.pt.client.AppUI => 未找到配置文件 C:\Users\VC\IdeaProjects\PTAssist\Client\config\setting.json，创建默认配置文件
[08:19:19.233] |-INFO JSON Saver => ===================== SavingJsonFile =====================
[08:19:19.244] |-INFO JSON Saver => save json file to: C:\Users\VC\IdeaProjects\PTAssist\Client\config\setting.json
[08:19:19.353] |-INFO JSON Saver => JsonFileSavedSuccessfully!
[08:19:19.353] |-INFO JSON Reader => ===================== ReadingJsonFile =====================
[08:19:19.354] |-INFO JSON Reader => read json form C:\Users\VC\IdeaProjects\PTAssist\Client\config\setting.json
[08:19:19.364] |-INFO JSON Reader => JsonFileReadSuccessfully!
[08:19:19.489] |-INFO nju.pt.client.StartView => build()
[08:19:19.489] |-INFO nju.pt.client.StartView => init()
[08:19:20.015] |-INFO nju.pt.client.StartView => init() return => nju.pt.client.StartView@5ff621f9
[08:19:20.015] |-INFO nju.pt.client.StartView => layout()
[08:19:20.015] |-INFO nju.pt.client.StartView => layout() return => nju.pt.client.StartView@5ff621f9
[08:19:20.016] |-INFO nju.pt.client.StartView => build() return => StackPane[id=StartView_rootStackPane]
[08:19:20.351] |-INFO nju.pt.client.SettingView => build(config:Config)
[08:19:20.351] |-INFO nju.pt.client.SettingView => init(config: Config)
[08:19:20.374] |-INFO nju.pt.client.SettingView => layout()
[08:19:20.379] |-INFO nju.pt.client.SettingView => build() return => Grid hgap=0.0, vgap=0.0, alignment=TOP_LEFT
[08:19:20.397] |-INFO nju.pt.client.PopupView => build()
[08:19:20.398] |-INFO nju.pt.client.PopupView => init()
[08:19:20.398] |-INFO nju.pt.client.PopupView => build() return => Grid hgap=0.0, vgap=0.0, alignment=TOP_LEFT
[08:43:14.679] |-INFO JSON Reader => ===================== ReadingJsonFile =====================
[08:43:14.682] |-INFO JSON Reader => read json form C:\Users\VC\IdeaProjects\PTAssist\Client\config\setting.json
[08:43:14.797] |-INFO JSON Reader => JsonFileReadSuccessfully!
[08:43:14.922] |-INFO nju.pt.client.StartView => build()
[08:43:14.923] |-INFO nju.pt.client.StartView => init()
[08:43:15.452] |-INFO nju.pt.client.StartView => init() return => nju.pt.client.StartView@5b5d8143
[08:43:15.452] |-INFO nju.pt.client.StartView => layout()
[08:43:15.453] |-INFO nju.pt.client.StartView => layout() return => nju.pt.client.StartView@5b5d8143
[08:43:15.453] |-INFO nju.pt.client.StartView => build() return => StackPane[id=StartView_rootStackPane]
[08:43:15.786] |-INFO nju.pt.client.SettingView => build(config:Config)
[08:43:15.787] |-INFO nju.pt.client.SettingView => init(config: Config)
[08:43:15.804] |-INFO nju.pt.client.SettingView => layout()
[08:43:15.807] |-INFO nju.pt.client.SettingView => build() return => Grid hgap=0.0, vgap=0.0, alignment=TOP_LEFT
[08:43:15.821] |-INFO nju.pt.client.AboutView => init()
[08:43:15.831] |-INFO nju.pt.client.PopupView => build()
[08:43:15.832] |-INFO nju.pt.client.PopupView => init()
[08:43:15.832] |-INFO nju.pt.client.PopupView => build() return => Grid hgap=0.0, vgap=0.0, alignment=TOP_LEFT
[08:43:17.701] |-INFO nju.pt.client.AppUI => 打开关于界面 javafx.stage.Stage@31995029
[08:44:24.841] |-INFO nju.pt.client.MatchView => build()
[08:44:24.841] |-INFO nju.pt.client.MatchView => init <<< judgeCount = 5
[08:44:24.841] |-INFO nju.pt.client.MatchView => init(judgeCount: Int)
[08:44:24.853] |-INFO nju.pt.client.MatchView => layout()
[08:44:24.853] |-INFO nju.pt.client.MatchView => setting njuLogoImageView layout
[08:44:24.854] |-INFO nju.pt.client.MatchView => fitSize = (312.2, 391.29999999999995)
[08:44:24.860] |-INFO nju.pt.client.MatchView => setting njuTextLogoImageView layout
[08:44:24.860] |-INFO nju.pt.client.MatchView => fitSize = (343.8, 147.15)
[08:44:24.860] |-INFO nju.pt.client.MatchView => build() return => HBox[id=MatchView_rootHBox]
[08:44:25.369] |-INFO JSON Reader => ===================== ReadingJsonFile =====================
[08:44:25.370] |-INFO JSON Reader => read json form C:\Users\VC\IdeaProjects\PTAssist\Client\data\data.json
[08:44:25.387] |-INFO JSON Reader => JsonFileReadSuccessfully!
[08:44:25.387] |-INFO nju.pt.client.AppUI => getCache(data)
[08:44:25.388] |-INFO JSON Reader => ===================== ReadingJsonFile =====================
[08:44:25.389] |-INFO JSON Reader => read json form C:\Users\VC\IdeaProjects\PTAssist\Client\data\cache.json
[08:44:25.390] |-INFO JSON Reader => JsonFileReadSuccessfully!
[08:44:25.393] |-INFO nju.pt.client.AppUI => cache = Cache(phase=2, endPhase=4, teamIDMatchList=[5, 1, 2, 3])
[08:44:25.394] |-INFO nju.pt.client.AppUI => repTeamRecordDataList = []
[08:44:25.397] |-INFO nju.pt.client.AppUI => repPlayerDataList = [PlayerData(id=7, name=王二, gender=男), PlayerData(id=8, name=麻子, gender=女)]
[08:44:25.405] |-INFO nju.pt.client.AppUI => oppTeamRecordDataList = [RecordData(round=1, phase=1, roomID=1, questionID=4, masterID=1, role=R, score=0.125, weight=3.0)]
[08:44:25.405] |-INFO nju.pt.client.AppUI => oppPlayerDataList = [PlayerData(id=1, name=张三, gender=男), PlayerData(id=2, name=李四, gender=女)]
[08:44:25.405] |-INFO nju.pt.client.AppUI => revTeamRecordDataList = [RecordData(round=1, phase=1, roomID=1, questionID=4, masterID=4, role=O, score=0.25, weight=2.0)]
[08:44:25.405] |-INFO nju.pt.client.AppUI => revPlayerDataList = [PlayerData(id=3, name=阿三, gender=男), PlayerData(id=4, name=阿四, gender=女)]
[08:44:25.406] |-INFO nju.pt.client.AppUI => teamID2NameList = [(1, 德玛西亚), (2, 啦啦啦), (3, 呜呜呜), (5, 小火车)]
[08:44:25.408] |-INFO nju.pt.client.AppUI => sortedTeamID2NameList = [(5, 小火车), (1, 德玛西亚), (2, 啦啦啦), (3, 呜呜呜)]
[08:44:25.410] |-INFO nju.pt.client.MatchView => getOptionalQuestionIDList(repTeamRecordDataList, oppTeamRecordDataList, usedQuestionIDList, questionIDLibList)
[08:44:25.411] |-INFO nju.pt.client.MatchView => repTeamRecordDataList = []
[08:44:25.411] |-INFO nju.pt.client.MatchView => oppTeamRecordDataList = [RecordData(round=1, phase=1, roomID=1, questionID=4, masterID=1, role=R, score=0.125, weight=3.0)]
[08:44:25.411] |-INFO nju.pt.client.MatchView => usedQuestionIDList = []
[08:44:25.411] |-INFO nju.pt.client.MatchView => questionIDLibList = [1, 2, 3, 4, 5, 6, 10, 11, 12, 13, 14]
[08:44:25.415] |-INFO nju.pt.client.CUPTRule => repBanQuestionIDList = []
[08:44:25.416] |-INFO nju.pt.client.CUPTRule => oppBanQuestionIDList = []
[08:44:25.416] |-INFO nju.pt.client.MatchView => questionIDList = [1, 2, 3, 4, 5, 6, 10, 11, 12, 13, 14]
[08:44:25.421] |-INFO nju.pt.client.MatchView => rule.getValidPlayerIDList(roundPlayerRecordList, teamRecordDataList, playerDataList)
[08:44:25.421] |-INFO nju.pt.client.MatchView => roundPlayerRecordList = []
[08:44:25.421] |-INFO nju.pt.client.MatchView => teamRecordDataList = []
[08:44:25.422] |-INFO nju.pt.client.MatchView => playerDataList = [PlayerData(id=7, name=王二, gender=男), PlayerData(id=8, name=麻子, gender=女)]
[08:44:25.422] |-INFO nju.pt.client.CUPTRule => playerMasterTimesIn1Round = 0
[08:44:25.422] |-INFO nju.pt.client.CUPTRule => playerMasterTimesIn1Round = 0
[08:44:25.422] |-INFO nju.pt.client.CUPTRule => playerMasterTimesIn1Match = 0
[08:44:25.422] |-INFO nju.pt.client.CUPTRule => playerMasterTimesIn1Match = 0
[08:44:25.422] |-INFO nju.pt.client.CUPTRule => playerRepTimesIn1Match = 0
[08:44:25.422] |-INFO nju.pt.client.CUPTRule => playerRepTimesIn1Match = 0
[08:44:25.422] |-INFO nju.pt.client.MatchView => validPlayerIDList = [7, 8]
[08:44:25.423] |-INFO nju.pt.client.MatchView => rule.getValidPlayerIDList(roundPlayerRecordList, teamRecordDataList, playerDataList)
[08:44:25.423] |-INFO nju.pt.client.MatchView => roundPlayerRecordList = []
[08:44:25.423] |-INFO nju.pt.client.MatchView => teamRecordDataList = [RecordData(round=1, phase=1, roomID=1, questionID=4, masterID=1, role=R, score=0.125, weight=3.0)]
[08:44:25.423] |-INFO nju.pt.client.MatchView => playerDataList = [PlayerData(id=1, name=张三, gender=男), PlayerData(id=2, name=李四, gender=女)]
[08:44:25.423] |-INFO nju.pt.client.CUPTRule => playerMasterTimesIn1Round = 0
[08:44:25.423] |-INFO nju.pt.client.CUPTRule => playerMasterTimesIn1Round = 0
[08:44:25.423] |-INFO nju.pt.client.CUPTRule => playerMasterTimesIn1Match = 1
[08:44:25.423] |-INFO nju.pt.client.CUPTRule => playerMasterTimesIn1Match = 0
[08:44:25.423] |-INFO nju.pt.client.CUPTRule => playerRepTimesIn1Match = 0
[08:44:25.423] |-INFO nju.pt.client.CUPTRule => playerRepTimesIn1Match = 0
[08:44:25.423] |-INFO nju.pt.client.MatchView => validPlayerIDList = [1, 2]
[08:44:25.424] |-INFO nju.pt.client.MatchView => rule.getValidPlayerIDList(roundPlayerRecordList, teamRecordDataList, playerDataList)
[08:44:25.424] |-INFO nju.pt.client.MatchView => roundPlayerRecordList = []
[08:44:25.424] |-INFO nju.pt.client.MatchView => teamRecordDataList = [RecordData(round=1, phase=1, roomID=1, questionID=4, masterID=4, role=O, score=0.25, weight=2.0)]
[08:44:25.424] |-INFO nju.pt.client.MatchView => playerDataList = [PlayerData(id=3, name=阿三, gender=男), PlayerData(id=4, name=阿四, gender=女)]
[08:44:25.424] |-INFO nju.pt.client.CUPTRule => playerMasterTimesIn1Round = 0
[08:44:25.424] |-INFO nju.pt.client.CUPTRule => playerMasterTimesIn1Round = 0
[08:44:25.424] |-INFO nju.pt.client.CUPTRule => playerMasterTimesIn1Match = 0
[08:44:25.424] |-INFO nju.pt.client.CUPTRule => playerMasterTimesIn1Match = 1
[08:44:25.424] |-INFO nju.pt.client.CUPTRule => playerRepTimesIn1Match = 0
[08:44:25.424] |-INFO nju.pt.client.CUPTRule => playerRepTimesIn1Match = 0
[08:44:25.424] |-INFO nju.pt.client.MatchView => validPlayerIDList = [3, 4]
[09:30:36.267] |-INFO JSON Reader => ===================== ReadingJsonFile =====================
[09:30:36.271] |-INFO JSON Reader => read json form C:\Users\VC\IdeaProjects\PTAssist\Client\config\setting.json
[09:30:36.464] |-INFO JSON Reader => JsonFileReadSuccessfully!
[09:30:36.659] |-INFO nju.pt.client.StartView => build()
[09:30:36.659] |-INFO nju.pt.client.StartView => init()
[09:30:36.784] |-INFO nju.pt.client.StartView => init() return => nju.pt.client.StartView@3ce80d1e
[09:30:36.784] |-INFO nju.pt.client.StartView => layout()
[09:30:36.785] |-INFO nju.pt.client.StartView => layout() return => nju.pt.client.StartView@3ce80d1e
[09:30:36.785] |-INFO nju.pt.client.StartView => build() return => StackPane[id=StartView_rootStackPane]
[09:30:37.144] |-INFO nju.pt.client.SettingView => build(config:Config)
[09:30:37.144] |-INFO nju.pt.client.SettingView => init(config: Config)
[09:30:37.166] |-INFO nju.pt.client.SettingView => layout()
[09:30:37.169] |-INFO nju.pt.client.SettingView => build() return => Grid hgap=0.0, vgap=0.0, alignment=TOP_LEFT
[09:30:37.187] |-INFO nju.pt.client.AboutView => init()
[09:30:37.196] |-INFO nju.pt.client.PopupView => build()
[09:30:37.196] |-INFO nju.pt.client.PopupView => init()
[09:30:37.197] |-INFO nju.pt.client.PopupView => build() return => Grid hgap=0.0, vgap=0.0, alignment=TOP_LEFT
[09:36:00.242] |-INFO JSON Reader => ===================== ReadingJsonFile =====================
[09:36:00.245] |-INFO JSON Reader => read json form C:\Users\VC\IdeaProjects\PTAssist\Client\config\setting.json
[09:36:00.450] |-INFO JSON Reader => JsonFileReadSuccessfully!
[09:36:00.570] |-INFO nju.pt.client.StartView => build()
[09:36:00.570] |-INFO nju.pt.client.StartView => init()
[09:36:00.600] |-INFO nju.pt.client.StartView => init() return => nju.pt.client.StartView@5b5d8143
[09:36:00.600] |-INFO nju.pt.client.StartView => layout()
[09:36:00.601] |-INFO nju.pt.client.StartView => layout() return => nju.pt.client.StartView@5b5d8143
[09:36:00.601] |-INFO nju.pt.client.StartView => build() return => StackPane[id=StartView_rootStackPane]
[09:36:01.003] |-INFO nju.pt.client.SettingView => build(config:Config)
[09:36:01.003] |-INFO nju.pt.client.SettingView => init(config: Config)
[09:36:01.025] |-INFO nju.pt.client.SettingView => layout()
[09:36:01.028] |-INFO nju.pt.client.SettingView => build() return => Grid hgap=0.0, vgap=0.0, alignment=TOP_LEFT
[09:36:01.042] |-INFO nju.pt.client.AboutView => init()
[09:36:01.051] |-INFO nju.pt.client.PopupView => build()
[09:36:01.051] |-INFO nju.pt.client.PopupView => init()
[09:36:01.051] |-INFO nju.pt.client.PopupView => build() return => Grid hgap=0.0, vgap=0.0, alignment=TOP_LEFT
[09:36:15.397] |-INFO JSON Reader => ===================== ReadingJsonFile =====================
[09:36:15.400] |-INFO JSON Reader => read json form C:\Users\VC\IdeaProjects\PTAssist\Client\config\setting.json
[09:36:15.524] |-INFO JSON Reader => JsonFileReadSuccessfully!
[09:36:15.649] |-INFO nju.pt.client.StartView => build()
[09:36:15.649] |-INFO nju.pt.client.StartView => init()
[09:36:15.678] |-INFO nju.pt.client.StartView => init() return => nju.pt.client.StartView@6e6111cd
[09:36:15.678] |-INFO nju.pt.client.StartView => layout()
[09:36:15.679] |-INFO nju.pt.client.StartView => layout() return => nju.pt.client.StartView@6e6111cd
[09:36:15.679] |-INFO nju.pt.client.StartView => build() return => StackPane[id=StartView_rootStackPane]
[09:36:16.028] |-INFO nju.pt.client.SettingView => build(config:Config)
[09:36:16.028] |-INFO nju.pt.client.SettingView => init(config: Config)
[09:36:16.048] |-INFO nju.pt.client.SettingView => layout()
[09:36:16.050] |-INFO nju.pt.client.SettingView => build() return => Grid hgap=0.0, vgap=0.0, alignment=TOP_LEFT
[09:36:16.065] |-INFO nju.pt.client.AboutView => init()
[09:36:16.076] |-INFO nju.pt.client.PopupView => build()
[09:36:16.076] |-INFO nju.pt.client.PopupView => init()
[09:36:16.077] |-INFO nju.pt.client.PopupView => build() return => Grid hgap=0.0, vgap=0.0, alignment=TOP_LEFT
[09:36:29.331] |-INFO JSON Reader => ===================== ReadingJsonFile =====================
[09:36:29.334] |-INFO JSON Reader => read json form C:\Users\VC\IdeaProjects\PTAssist\Client\config\setting.json
[09:36:29.450] |-INFO JSON Reader => JsonFileReadSuccessfully!
[09:36:29.574] |-INFO nju.pt.client.StartView => build()
[09:36:29.575] |-INFO nju.pt.client.StartView => init()
[09:36:29.603] |-INFO nju.pt.client.StartView => init() return => nju.pt.client.StartView@5b5d8143
[09:36:29.603] |-INFO nju.pt.client.StartView => layout()
[09:36:29.604] |-INFO nju.pt.client.StartView => layout() return => nju.pt.client.StartView@5b5d8143
[09:36:29.604] |-INFO nju.pt.client.StartView => build() return => StackPane[id=StartView_rootStackPane]
[09:36:29.957] |-INFO nju.pt.client.SettingView => build(config:Config)
[09:36:29.958] |-INFO nju.pt.client.SettingView => init(config: Config)
[09:36:29.978] |-INFO nju.pt.client.SettingView => layout()
[09:36:29.980] |-INFO nju.pt.client.SettingView => build() return => Grid hgap=0.0, vgap=0.0, alignment=TOP_LEFT
[09:36:29.994] |-INFO nju.pt.client.AboutView => init()
[09:36:30.004] |-INFO nju.pt.client.PopupView => build()
[09:36:30.004] |-INFO nju.pt.client.PopupView => init()
[09:36:30.005] |-INFO nju.pt.client.PopupView => build() return => Grid hgap=0.0, vgap=0.0, alignment=TOP_LEFT
[09:36:40.967] |-INFO JSON Reader => ===================== ReadingJsonFile =====================
[09:36:40.970] |-INFO JSON Reader => read json form C:\Users\VC\IdeaProjects\PTAssist\Client\config\setting.json
[09:36:41.091] |-INFO JSON Reader => JsonFileReadSuccessfully!
[09:36:41.213] |-INFO nju.pt.client.StartView => build()
[09:36:41.213] |-INFO nju.pt.client.StartView => init()
[09:36:41.241] |-INFO nju.pt.client.StartView => init() return => nju.pt.client.StartView@5b5d8143
[09:36:41.241] |-INFO nju.pt.client.StartView => layout()
[09:36:41.242] |-INFO nju.pt.client.StartView => layout() return => nju.pt.client.StartView@5b5d8143
[09:36:41.242] |-INFO nju.pt.client.StartView => build() return => StackPane[id=StartView_rootStackPane]
[09:36:41.602] |-INFO nju.pt.client.SettingView => build(config:Config)
[09:36:41.602] |-INFO nju.pt.client.SettingView => init(config: Config)
[09:36:41.622] |-INFO nju.pt.client.SettingView => layout()
[09:36:41.626] |-INFO nju.pt.client.SettingView => build() return => Grid hgap=0.0, vgap=0.0, alignment=TOP_LEFT
[09:36:41.646] |-INFO nju.pt.client.AboutView => init()
[09:36:41.655] |-INFO nju.pt.client.PopupView => build()
[09:36:41.655] |-INFO nju.pt.client.PopupView => init()
[09:36:41.656] |-INFO nju.pt.client.PopupView => build() return => Grid hgap=0.0, vgap=0.0, alignment=TOP_LEFT
[09:36:53.112] |-INFO JSON Reader => ===================== ReadingJsonFile =====================
[09:36:53.115] |-INFO JSON Reader => read json form C:\Users\VC\IdeaProjects\PTAssist\Client\config\setting.json
[09:36:53.237] |-INFO JSON Reader => JsonFileReadSuccessfully!
[09:36:53.364] |-INFO nju.pt.client.StartView => build()
[09:36:53.364] |-INFO nju.pt.client.StartView => init()
[09:36:53.390] |-INFO nju.pt.client.StartView => init() return => nju.pt.client.StartView@5b5d8143
[09:36:53.390] |-INFO nju.pt.client.StartView => layout()
[09:36:53.390] |-INFO nju.pt.client.StartView => layout() return => nju.pt.client.StartView@5b5d8143
[09:36:53.391] |-INFO nju.pt.client.StartView => build() return => StackPane[id=StartView_rootStackPane]
[09:36:53.752] |-INFO nju.pt.client.SettingView => build(config:Config)
[09:36:53.752] |-INFO nju.pt.client.SettingView => init(config: Config)
[09:36:53.774] |-INFO nju.pt.client.SettingView => layout()
[09:36:53.777] |-INFO nju.pt.client.SettingView => build() return => Grid hgap=0.0, vgap=0.0, alignment=TOP_LEFT
[09:36:53.791] |-INFO nju.pt.client.AboutView => init()
[09:36:53.802] |-INFO nju.pt.client.PopupView => build()
[09:36:53.802] |-INFO nju.pt.client.PopupView => init()
[09:36:53.803] |-INFO nju.pt.client.PopupView => build() return => Grid hgap=0.0, vgap=0.0, alignment=TOP_LEFT
[09:38:49.085] |-INFO JSON Reader => ===================== ReadingJsonFile =====================
[09:38:49.088] |-INFO JSON Reader => read json form C:\Users\VC\IdeaProjects\PTAssist\Client\config\setting.json
[09:38:49.211] |-INFO JSON Reader => JsonFileReadSuccessfully!
[09:38:49.336] |-INFO nju.pt.client.StartView => build()
[09:38:49.336] |-INFO nju.pt.client.StartView => init()
[09:38:49.364] |-INFO nju.pt.client.StartView => init() return => nju.pt.client.StartView@5b5d8143
[09:38:49.364] |-INFO nju.pt.client.StartView => layout()
[09:38:49.364] |-INFO nju.pt.client.StartView => layout() return => nju.pt.client.StartView@5b5d8143
[09:38:49.364] |-INFO nju.pt.client.StartView => build() return => StackPane[id=StartView_rootStackPane]
[09:38:49.711] |-INFO nju.pt.client.SettingView => build(config:Config)
[09:38:49.711] |-INFO nju.pt.client.SettingView => init(config: Config)
[09:38:49.730] |-INFO nju.pt.client.SettingView => layout()
[09:38:49.732] |-INFO nju.pt.client.SettingView => build() return => Grid hgap=0.0, vgap=0.0, alignment=TOP_LEFT
[09:38:49.746] |-INFO nju.pt.client.AboutView => init()
[09:38:49.755] |-INFO nju.pt.client.PopupView => build()
[09:38:49.755] |-INFO nju.pt.client.PopupView => init()
[09:38:49.756] |-INFO nju.pt.client.PopupView => build() return => Grid hgap=0.0, vgap=0.0, alignment=TOP_LEFT
[09:38:50.681] |-INFO nju.pt.client.AppUI => 打开关于界面 javafx.stage.Stage@31995029
