[08:56:29.965] |-INFO JSON Reader => ===================== ReadingJsonFile =====================
[08:56:29.968] |-INFO JSON Reader => read json form C:\Users\80605\IdeaProjects\PTAssist\Server\file:\C:\Users\80605\IdeaProjects\PTAssist\Server\build\resources\main\nju\pt\assets\data_example.json
[08:56:30.096] |-INFO JSON Reader => JsonFileReadSuccessfully!
[08:56:30.099] |-INFO nju.pt.server.AppUI => init()
[08:56:30.101] |-INFO nju.pt.server.AppUI => checking configuration file...
[08:56:30.106] |-INFO JSON Reader => ===================== ReadingJsonFile =====================
[08:56:30.107] |-INFO JSON Reader => read json form C:\Users\80605\IdeaProjects\PTAssist\Server\ServerCache\config_data.json
[08:56:30.110] |-INFO JSON Reader => JsonFileReadSuccessfully!
[08:56:30.112] |-INFO nju.pt.net.FileNetServer => ===================== FileNetServer =====================
[08:56:30.703] |-INFO nju.pt.server.StartView => build()
[08:56:30.703] |-INFO nju.pt.server.StartView => init()
[08:56:30.777] |-INFO nju.pt.server.StartView => init() return => nju.pt.server.StartView@6ee12876
[08:56:30.778] |-INFO nju.pt.server.StartView => layout()
[08:56:30.779] |-INFO nju.pt.server.StartView => layout() return => nju.pt.server.StartView@6ee12876
[08:56:30.779] |-INFO nju.pt.server.StartView => build() return => StackPane[id=StartView_rootStackPane]
[08:56:31.955] |-INFO nju.pt.server.AppUI => 完成UI构建，展示Start界面
[08:56:50.902] |-INFO nju.pt.server.AppUI => Judging whether the json file exists:
[08:56:50.903] |-INFO nju.pt.server.AppUI => Exists, loading json file...
[08:56:50.903] |-INFO JSON Reader => ===================== ReadingJsonFile =====================
[08:56:50.903] |-INFO JSON Reader => read json form C:\Users\80605\IdeaProjects\PTAssist\Server\ServerData\data.json
[08:56:50.918] |-INFO JSON Reader => JsonFileReadSuccessfully!
[08:56:51.005] |-INFO nju.pt.server.MainView => build(data: Data)
[08:56:51.049] |-INFO nju.pt.server.MainView => init <<< data = Data(teamDataList=[TeamData(id=1, name=1.0, schoolID=1, playerDataList=[PlayerData(id=1, name=张三, gender=男), PlayerData(id=2, name=李四, gender=女)], recordDataList=[RecordData(round=1, phase=1, roomID=1, questionID=1, masterID=1, role=R, score=1.0, weight=1.0)]), TeamData(id=2, name=2.0, schoolID=1, playerDataList=[PlayerData(id=3, name=张三, gender=男), PlayerData(id=4, name=李四, gender=女)], recordDataList=[RecordData(round=1, phase=1, roomID=1, questionID=1, masterID=3, role=R, score=1.0, weight=1.0)]), TeamData(id=3, name=3.0, schoolID=1, playerDataList=[PlayerData(id=5, name=张三, gender=男), PlayerData(id=6, name=李四, gender=女)], recordDataList=[RecordData(round=1, phase=1, roomID=1, questionID=1, masterID=5, role=R, score=1.0, weight=1.0)]), TeamData(id=4, name=4.0, schoolID=1, playerDataList=[PlayerData(id=7, name=张三, gender=男), PlayerData(id=8, name=李四, gender=女)], recordDataList=[RecordData(round=2, phase=1, roomID=1, questionID=1, masterID=7, role=R, score=1.0, weight=1.0)]), TeamData(id=5, name=5.0, schoolID=1, playerDataList=[PlayerData(id=9, name=张三, gender=男), PlayerData(id=10, name=李四, gender=女)], recordDataList=[RecordData(round=2, phase=1, roomID=1, questionID=1, masterID=9, role=R, score=1.0, weight=1.0)]), TeamData(id=6, name=6.0, schoolID=1, playerDataList=[PlayerData(id=11, name=张三, gender=男), PlayerData(id=12, name=李四, gender=女)], recordDataList=[RecordData(round=2, phase=1, roomID=1, questionID=1, masterID=11, role=R, score=1.0, weight=1.0)]), TeamData(id=7, name=7.0, schoolID=1, playerDataList=[PlayerData(id=13, name=张三, gender=男), PlayerData(id=14, name=李四, gender=女)], recordDataList=[RecordData(round=2, phase=1, roomID=1, questionID=1, masterID=13, role=R, score=1.0, weight=1.0)]), TeamData(id=8, name=8.0, schoolID=1, playerDataList=[PlayerData(id=15, name=张三, gender=男), PlayerData(id=16, name=李四, gender=女)], recordDataList=[RecordData(round=2, phase=1, roomID=1, questionID=1, masterID=15, role=R, score=1.0, weight=1.0)]), TeamData(id=9, name=9.0, schoolID=2, playerDataList=[PlayerData(id=17, name=张三, gender=男), PlayerData(id=18, name=李四, gender=女)], recordDataList=[]), TeamData(id=10, name=10.0, schoolID=2, playerDataList=[PlayerData(id=19, name=张三, gender=男), PlayerData(id=20, name=李四, gender=女)], recordDataList=[]), TeamData(id=11, name=11.0, schoolID=2, playerDataList=[PlayerData(id=21, name=张三, gender=男), PlayerData(id=22, name=李四, gender=女)], recordDataList=[]), TeamData(id=12, name=12.0, schoolID=2, playerDataList=[PlayerData(id=23, name=张三, gender=男), PlayerData(id=24, name=李四, gender=女)], recordDataList=[]), TeamData(id=13, name=13.0, schoolID=2, playerDataList=[PlayerData(id=25, name=张三, gender=男), PlayerData(id=26, name=李四, gender=女)], recordDataList=[]), TeamData(id=14, name=14.0, schoolID=2, playerDataList=[PlayerData(id=27, name=张三, gender=男), PlayerData(id=28, name=李四, gender=女)], recordDataList=[])], questionMap={1=你来发明}, schoolMap={1=南京大学, 2=北京大学})
[08:56:51.050] |-INFO nju.pt.server.MainView => init(data: Data)
[08:56:51.070] |-INFO nju.pt.server.MainView => load schoolNameList [南京大学, 北京大学]
[08:56:51.071] |-INFO nju.pt.server.MainView => load teamNameList [1.0, 2.0, 3.0, 4.0, 5.0, 6.0, 7.0, 8.0, 9.0, 10.0, 11.0, 12.0, 13.0, 14.0]
[08:56:51.072] |-INFO nju.pt.server.MainView => load playerDataList [PlayerData(id=1, name=张三, gender=男), PlayerData(id=2, name=李四, gender=女)]
[08:56:51.072] |-INFO nju.pt.server.MainView => load recordDataList [RecordData(round=1, phase=1, roomID=1, questionID=1, masterID=1, role=R, score=1.0, weight=1.0)]
[08:56:51.072] |-INFO nju.pt.server.MainView => init() return => nju.pt.server.MainView@3b902f14
[08:56:51.073] |-INFO nju.pt.server.MainView => select 0 in teamListView
[08:56:51.074] |-INFO nju.pt.server.MainView => action()
[08:56:51.075] |-INFO nju.pt.server.MainView => layout()
[08:56:51.095] |-INFO nju.pt.server.MainView => SelectedSchool:ListProperty [value: []]
[08:56:51.095] |-INFO nju.pt.server.MainView => build() return => HBox[id=MainView_rootHBox]
[08:56:54.891] |-INFO nju.pt.server.AppUI => generate room data
[08:56:54.924] |-INFO nju.pt.server.GenerateRoomDataView => build(data: Data)
[08:56:54.924] |-INFO nju.pt.server.GenerateRoomDataView => init <<< turns = 3
[08:56:54.925] |-INFO nju.pt.server.GenerateRoomDataView => build() return => Vbox
[08:56:57.123] |-INFO nju.pt.server.GenerateRoomDataView => Generate room data
[08:56:57.124] |-INFO nju.pt.server.GenerateRoomDataView => selected turn:2
[08:56:57.125] |-INFO nju.pt.server.GenerateRoomDataView => teamDataList:[TeamData(id=1, name=1.0, schoolID=1, playerDataList=[PlayerData(id=1, name=张三, gender=男), PlayerData(id=2, name=李四, gender=女)], recordDataList=[RecordData(round=1, phase=1, roomID=1, questionID=1, masterID=1, role=R, score=1.0, weight=1.0)]), TeamData(id=2, name=2.0, schoolID=1, playerDataList=[PlayerData(id=3, name=张三, gender=男), PlayerData(id=4, name=李四, gender=女)], recordDataList=[RecordData(round=1, phase=1, roomID=1, questionID=1, masterID=3, role=R, score=1.0, weight=1.0)]), TeamData(id=3, name=3.0, schoolID=1, playerDataList=[PlayerData(id=5, name=张三, gender=男), PlayerData(id=6, name=李四, gender=女)], recordDataList=[RecordData(round=1, phase=1, roomID=1, questionID=1, masterID=5, role=R, score=1.0, weight=1.0)]), TeamData(id=4, name=4.0, schoolID=1, playerDataList=[PlayerData(id=7, name=张三, gender=男), PlayerData(id=8, name=李四, gender=女)], recordDataList=[]), TeamData(id=5, name=5.0, schoolID=1, playerDataList=[PlayerData(id=9, name=张三, gender=男), PlayerData(id=10, name=李四, gender=女)], recordDataList=[]), TeamData(id=6, name=6.0, schoolID=1, playerDataList=[PlayerData(id=11, name=张三, gender=男), PlayerData(id=12, name=李四, gender=女)], recordDataList=[]), TeamData(id=7, name=7.0, schoolID=1, playerDataList=[PlayerData(id=13, name=张三, gender=男), PlayerData(id=14, name=李四, gender=女)], recordDataList=[]), TeamData(id=8, name=8.0, schoolID=1, playerDataList=[PlayerData(id=15, name=张三, gender=男), PlayerData(id=16, name=李四, gender=女)], recordDataList=[]), TeamData(id=9, name=9.0, schoolID=2, playerDataList=[PlayerData(id=17, name=张三, gender=男), PlayerData(id=18, name=李四, gender=女)], recordDataList=[]), TeamData(id=10, name=10.0, schoolID=2, playerDataList=[PlayerData(id=19, name=张三, gender=男), PlayerData(id=20, name=李四, gender=女)], recordDataList=[]), TeamData(id=11, name=11.0, schoolID=2, playerDataList=[PlayerData(id=21, name=张三, gender=男), PlayerData(id=22, name=李四, gender=女)], recordDataList=[]), TeamData(id=12, name=12.0, schoolID=2, playerDataList=[PlayerData(id=23, name=张三, gender=男), PlayerData(id=24, name=李四, gender=女)], recordDataList=[]), TeamData(id=13, name=13.0, schoolID=2, playerDataList=[PlayerData(id=25, name=张三, gender=男), PlayerData(id=26, name=李四, gender=女)], recordDataList=[]), TeamData(id=14, name=14.0, schoolID=2, playerDataList=[PlayerData(id=27, name=张三, gender=男), PlayerData(id=28, name=李四, gender=女)], recordDataList=[])]
[08:56:57.127] |-INFO JSON Reader => ===================== ReadingJsonFile =====================
[08:56:57.127] |-INFO JSON Reader => read json form C:\Users\80605\IdeaProjects\PTAssist\Server\ServerCache\counterpartTable.json
[08:57:00.524] |-INFO Tot team number Logger => ===================== getTotalTeamNumberFromExcel =====================
[08:57:00.532] |-INFO Tot team number Logger => total team number: 14
[08:57:00.622] |-INFO School Data Loader => ===================== loadSchoolFromExcel =====================
[08:57:00.638] |-INFO School Data Loader => cellValues = [南京大学, 裁判1, 裁判2, 裁判3]
[08:57:00.639] |-INFO School Data Loader => School Map = {1=南京大学}
[08:57:00.640] |-INFO School Data Loader => cellValues = [北京大学, 裁判1, 裁判2, 裁判3]
[08:57:00.641] |-INFO School Data Loader => School Map = {1=南京大学, 2=北京大学}
[08:57:00.642] |-INFO School Data Loader => cellValues = [东京大学, 裁判1, 裁判2, 裁判3, 裁判4, 裁判5, 裁判6, 裁判7, 裁判8, 裁判9, 裁判10, 裁判11, 裁判12, 裁判13, 裁判14, 裁判15, 裁判16, 裁判17, 裁判18, 裁判19, 裁判20, 裁判21, 裁判22, 裁判23, 裁判24, 裁判25, 裁判26]
[08:57:00.643] |-INFO School Data Loader => School Map = {1=南京大学, 2=北京大学, 3=东京大学}
[08:57:00.645] |-INFO School Data Loader => cellValues = [西京大学, 裁判1, 裁判2, 裁判3, 裁判4, 裁判5, 裁判6, 裁判7, 裁判8, 裁判9, 裁判10, 裁判11, 裁判12, 裁判13, 裁判14, 裁判15, 裁判16, 裁判17, 裁判18, 裁判19, 裁判20, 裁判21, 裁判22, 裁判23, 裁判24, 裁判25, 裁判26]
[08:57:00.645] |-INFO School Data Loader => School Map = {1=南京大学, 2=北京大学, 3=东京大学, 4=西京大学}
[08:57:00.647] |-INFO School Data Loader => cellValues = [的京大学, 裁判1, 裁判2, 裁判3, 裁判4, 裁判5, 裁判6, 裁判7, 裁判8, 裁判9, 裁判10, 裁判11, 裁判12, 裁判13, 裁判14, 裁判15, 裁判16, 裁判17, 裁判18, 裁判19, 裁判20, 裁判21, 裁判22, 裁判23, 裁判24, 裁判25, 裁判26]
[08:57:00.647] |-INFO School Data Loader => School Map = {1=南京大学, 2=北京大学, 3=东京大学, 4=西京大学, 5=的京大学}
[08:57:00.648] |-INFO Judge Data Loader => ===================== loadJudgeFromExcel =====================
[08:57:00.650] |-INFO Judge Data Loader => cellValues = [南京大学, 裁判1, 裁判2, 裁判3]
[08:57:00.652] |-INFO Judge Data Loader => School Map = {南京大学=[裁判1, 裁判2, 裁判3]}
[08:57:00.652] |-INFO Judge Data Loader => cellValues = [北京大学, 裁判1, 裁判2, 裁判3]
[08:57:00.660] |-INFO Judge Data Loader => School Map = {南京大学=[裁判1, 裁判2, 裁判3], 北京大学=[裁判1, 裁判2, 裁判3]}
[08:57:00.661] |-INFO Judge Data Loader => cellValues = [东京大学, 裁判1, 裁判2, 裁判3, 裁判4, 裁判5, 裁判6, 裁判7, 裁判8, 裁判9, 裁判10, 裁判11, 裁判12, 裁判13, 裁判14, 裁判15, 裁判16, 裁判17, 裁判18, 裁判19, 裁判20, 裁判21, 裁判22, 裁判23, 裁判24, 裁判25, 裁判26]
[08:57:00.661] |-INFO Judge Data Loader => School Map = {南京大学=[裁判1, 裁判2, 裁判3], 北京大学=[裁判1, 裁判2, 裁判3], 东京大学=[裁判1, 裁判2, 裁判3, 裁判4, 裁判5, 裁判6, 裁判7, 裁判8, 裁判9, 裁判10, 裁判11, 裁判12, 裁判13, 裁判14, 裁判15, 裁判16, 裁判17, 裁判18, 裁判19, 裁判20, 裁判21, 裁判22, 裁判23, 裁判24, 裁判25, 裁判26]}
[08:57:00.662] |-INFO Judge Data Loader => cellValues = [西京大学, 裁判1, 裁判2, 裁判3, 裁判4, 裁判5, 裁判6, 裁判7, 裁判8, 裁判9, 裁判10, 裁判11, 裁判12, 裁判13, 裁判14, 裁判15, 裁判16, 裁判17, 裁判18, 裁判19, 裁判20, 裁判21, 裁判22, 裁判23, 裁判24, 裁判25, 裁判26]
[08:57:00.663] |-INFO Judge Data Loader => School Map = {南京大学=[裁判1, 裁判2, 裁判3], 北京大学=[裁判1, 裁判2, 裁判3], 东京大学=[裁判1, 裁判2, 裁判3, 裁判4, 裁判5, 裁判6, 裁判7, 裁判8, 裁判9, 裁判10, 裁判11, 裁判12, 裁判13, 裁判14, 裁判15, 裁判16, 裁判17, 裁判18, 裁判19, 裁判20, 裁判21, 裁判22, 裁判23, 裁判24, 裁判25, 裁判26], 西京大学=[裁判1, 裁判2, 裁判3, 裁判4, 裁判5, 裁判6, 裁判7, 裁判8, 裁判9, 裁判10, 裁判11, 裁判12, 裁判13, 裁判14, 裁判15, 裁判16, 裁判17, 裁判18, 裁判19, 裁判20, 裁判21, 裁判22, 裁判23, 裁判24, 裁判25, 裁判26]}
[08:57:00.664] |-INFO Judge Data Loader => cellValues = [的京大学, 裁判1, 裁判2, 裁判3, 裁判4, 裁判5, 裁判6, 裁判7, 裁判8, 裁判9, 裁判10, 裁判11, 裁判12, 裁判13, 裁判14, 裁判15, 裁判16, 裁判17, 裁判18, 裁判19, 裁判20, 裁判21, 裁判22, 裁判23, 裁判24, 裁判25, 裁判26]
[08:57:00.664] |-INFO Judge Data Loader => School Map = {南京大学=[裁判1, 裁判2, 裁判3], 北京大学=[裁判1, 裁判2, 裁判3], 东京大学=[裁判1, 裁判2, 裁判3, 裁判4, 裁判5, 裁判6, 裁判7, 裁判8, 裁判9, 裁判10, 裁判11, 裁判12, 裁判13, 裁判14, 裁判15, 裁判16, 裁判17, 裁判18, 裁判19, 裁判20, 裁判21, 裁判22, 裁判23, 裁判24, 裁判25, 裁判26], 西京大学=[裁判1, 裁判2, 裁判3, 裁判4, 裁判5, 裁判6, 裁判7, 裁判8, 裁判9, 裁判10, 裁判11, 裁判12, 裁判13, 裁判14, 裁判15, 裁判16, 裁判17, 裁判18, 裁判19, 裁判20, 裁判21, 裁判22, 裁判23, 裁判24, 裁判25, 裁判26], 的京大学=[裁判1, 裁判2, 裁判3, 裁判4, 裁判5, 裁判6, 裁判7, 裁判8, 裁判9, 裁判10, 裁判11, 裁判12, 裁判13, 裁判14, 裁判15, 裁判16, 裁判17, 裁判18, 裁判19, 裁判20, 裁判21, 裁判22, 裁判23, 裁判24, 裁判25, 裁判26]}
[08:57:00.763] |-INFO School Data Loader => ===================== loadSchoolFromExcel =====================
[08:57:00.764] |-INFO School Data Loader => cellValues = [南京大学, 裁判1, 裁判2, 裁判3]
[08:57:00.764] |-INFO School Data Loader => School Map = {1=南京大学}
[08:57:00.765] |-INFO School Data Loader => cellValues = [北京大学, 裁判1, 裁判2, 裁判3]
[08:57:00.765] |-INFO School Data Loader => School Map = {1=南京大学, 2=北京大学}
[08:57:00.766] |-INFO School Data Loader => cellValues = [东京大学, 裁判1, 裁判2, 裁判3, 裁判4, 裁判5, 裁判6, 裁判7, 裁判8, 裁判9, 裁判10, 裁判11, 裁判12, 裁判13, 裁判14, 裁判15, 裁判16, 裁判17, 裁判18, 裁判19, 裁判20, 裁判21, 裁判22, 裁判23, 裁判24, 裁判25, 裁判26]
[08:57:00.766] |-INFO School Data Loader => School Map = {1=南京大学, 2=北京大学, 3=东京大学}
[08:57:00.769] |-INFO School Data Loader => cellValues = [西京大学, 裁判1, 裁判2, 裁判3, 裁判4, 裁判5, 裁判6, 裁判7, 裁判8, 裁判9, 裁判10, 裁判11, 裁判12, 裁判13, 裁判14, 裁判15, 裁判16, 裁判17, 裁判18, 裁判19, 裁判20, 裁判21, 裁判22, 裁判23, 裁判24, 裁判25, 裁判26]
[08:57:00.770] |-INFO School Data Loader => School Map = {1=南京大学, 2=北京大学, 3=东京大学, 4=西京大学}
[08:57:00.772] |-INFO School Data Loader => cellValues = [的京大学, 裁判1, 裁判2, 裁判3, 裁判4, 裁判5, 裁判6, 裁判7, 裁判8, 裁判9, 裁判10, 裁判11, 裁判12, 裁判13, 裁判14, 裁判15, 裁判16, 裁判17, 裁判18, 裁判19, 裁判20, 裁判21, 裁判22, 裁判23, 裁判24, 裁判25, 裁判26]
[08:57:00.773] |-INFO School Data Loader => School Map = {1=南京大学, 2=北京大学, 3=东京大学, 4=西京大学, 5=的京大学}
[08:57:00.775] |-INFO JSON Reader => JsonFileReadSuccessfully!
[08:57:00.776] |-INFO nju.pt.server.GenerateRoomDataView => Room 1:
[08:57:00.776] |-INFO nju.pt.server.GenerateRoomDataView => teamIdList:[3, 7, 11]
[08:57:00.776] |-INFO nju.pt.server.GenerateRoomDataView => teamDataList:[TeamData(id=3, name=3.0, schoolID=1, playerDataList=[PlayerData(id=5, name=张三, gender=男), PlayerData(id=6, name=李四, gender=女)], recordDataList=[RecordData(round=1, phase=1, roomID=1, questionID=1, masterID=5, role=R, score=1.0, weight=1.0)]), TeamData(id=7, name=7.0, schoolID=1, playerDataList=[PlayerData(id=13, name=张三, gender=男), PlayerData(id=14, name=李四, gender=女)], recordDataList=[]), TeamData(id=11, name=11.0, schoolID=2, playerDataList=[PlayerData(id=21, name=张三, gender=男), PlayerData(id=22, name=李四, gender=女)], recordDataList=[])]
[08:57:00.851] |-INFO JSON Saver => ===================== SavingJsonFile =====================
[08:57:00.851] |-INFO JSON Saver => save json file to: C:\Users\80605\IdeaProjects\PTAssist\Server\ServerData\match\Round2\Room1.json
[08:57:00.897] |-INFO JSON Saver => JsonFileSavedSuccessfully!
[08:57:00.898] |-INFO nju.pt.server.GenerateRoomDataView => Room 2:
[08:57:00.898] |-INFO nju.pt.server.GenerateRoomDataView => teamIdList:[1, 10, 14]
[08:57:00.898] |-INFO nju.pt.server.GenerateRoomDataView => teamDataList:[TeamData(id=1, name=1.0, schoolID=1, playerDataList=[PlayerData(id=1, name=张三, gender=男), PlayerData(id=2, name=李四, gender=女)], recordDataList=[RecordData(round=1, phase=1, roomID=1, questionID=1, masterID=1, role=R, score=1.0, weight=1.0)]), TeamData(id=10, name=10.0, schoolID=2, playerDataList=[PlayerData(id=19, name=张三, gender=男), PlayerData(id=20, name=李四, gender=女)], recordDataList=[]), TeamData(id=14, name=14.0, schoolID=2, playerDataList=[PlayerData(id=27, name=张三, gender=男), PlayerData(id=28, name=李四, gender=女)], recordDataList=[])]
[08:57:00.899] |-INFO JSON Saver => ===================== SavingJsonFile =====================
[08:57:00.900] |-INFO JSON Saver => save json file to: C:\Users\80605\IdeaProjects\PTAssist\Server\ServerData\match\Round2\Room2.json
[08:57:00.902] |-INFO JSON Saver => JsonFileSavedSuccessfully!
[08:57:00.902] |-INFO nju.pt.server.GenerateRoomDataView => Room 3:
[08:57:00.902] |-INFO nju.pt.server.GenerateRoomDataView => teamIdList:[4, 8, 12, 16]
[08:57:00.902] |-INFO nju.pt.server.GenerateRoomDataView => teamDataList:[TeamData(id=4, name=4.0, schoolID=1, playerDataList=[PlayerData(id=7, name=张三, gender=男), PlayerData(id=8, name=李四, gender=女)], recordDataList=[]), TeamData(id=8, name=8.0, schoolID=1, playerDataList=[PlayerData(id=15, name=张三, gender=男), PlayerData(id=16, name=李四, gender=女)], recordDataList=[]), TeamData(id=12, name=12.0, schoolID=2, playerDataList=[PlayerData(id=23, name=张三, gender=男), PlayerData(id=24, name=李四, gender=女)], recordDataList=[])]
[08:57:00.903] |-INFO JSON Saver => ===================== SavingJsonFile =====================
[08:57:00.903] |-INFO JSON Saver => save json file to: C:\Users\80605\IdeaProjects\PTAssist\Server\ServerData\match\Round2\Room3.json
[08:57:00.906] |-INFO JSON Saver => JsonFileSavedSuccessfully!
[08:57:00.906] |-INFO nju.pt.server.GenerateRoomDataView => Room 4:
[08:57:00.906] |-INFO nju.pt.server.GenerateRoomDataView => teamIdList:[5, 9, 13]
[08:57:00.907] |-INFO nju.pt.server.GenerateRoomDataView => teamDataList:[TeamData(id=5, name=5.0, schoolID=1, playerDataList=[PlayerData(id=9, name=张三, gender=男), PlayerData(id=10, name=李四, gender=女)], recordDataList=[]), TeamData(id=9, name=9.0, schoolID=2, playerDataList=[PlayerData(id=17, name=张三, gender=男), PlayerData(id=18, name=李四, gender=女)], recordDataList=[]), TeamData(id=13, name=13.0, schoolID=2, playerDataList=[PlayerData(id=25, name=张三, gender=男), PlayerData(id=26, name=李四, gender=女)], recordDataList=[])]
[08:57:00.907] |-INFO JSON Saver => ===================== SavingJsonFile =====================
[08:57:00.908] |-INFO JSON Saver => save json file to: C:\Users\80605\IdeaProjects\PTAssist\Server\ServerData\match\Round2\Room4.json
[08:57:00.910] |-INFO JSON Saver => JsonFileSavedSuccessfully!
[08:57:00.910] |-INFO nju.pt.server.GenerateRoomDataView => Room 5:
[08:57:00.910] |-INFO nju.pt.server.GenerateRoomDataView => teamIdList:[2, 6, 15]
[08:57:00.910] |-INFO nju.pt.server.GenerateRoomDataView => teamDataList:[TeamData(id=2, name=2.0, schoolID=1, playerDataList=[PlayerData(id=3, name=张三, gender=男), PlayerData(id=4, name=李四, gender=女)], recordDataList=[RecordData(round=1, phase=1, roomID=1, questionID=1, masterID=3, role=R, score=1.0, weight=1.0)]), TeamData(id=6, name=6.0, schoolID=1, playerDataList=[PlayerData(id=11, name=张三, gender=男), PlayerData(id=12, name=李四, gender=女)], recordDataList=[])]
[08:57:00.911] |-INFO JSON Saver => ===================== SavingJsonFile =====================
[08:57:00.911] |-INFO JSON Saver => save json file to: C:\Users\80605\IdeaProjects\PTAssist\Server\ServerData\match\Round2\Room5.json
[08:57:00.913] |-INFO JSON Saver => JsonFileSavedSuccessfully!
[09:00:21.222] |-INFO JSON Reader => ===================== ReadingJsonFile =====================
[09:00:21.225] |-INFO JSON Reader => read json form C:\Users\80605\IdeaProjects\PTAssist\Server\file:\C:\Users\80605\IdeaProjects\PTAssist\Server\build\resources\main\nju\pt\assets\data_example.json
[09:00:21.374] |-INFO JSON Reader => JsonFileReadSuccessfully!
[09:00:21.377] |-INFO nju.pt.server.AppUI => init()
[09:00:21.379] |-INFO nju.pt.server.AppUI => checking configuration file...
[09:00:21.389] |-INFO JSON Reader => ===================== ReadingJsonFile =====================
[09:00:21.389] |-INFO JSON Reader => read json form C:\Users\80605\IdeaProjects\PTAssist\Server\ServerCache\config_data.json
[09:00:21.393] |-INFO JSON Reader => JsonFileReadSuccessfully!
[09:00:21.395] |-INFO nju.pt.net.FileNetServer => ===================== FileNetServer =====================
[09:00:21.896] |-INFO nju.pt.server.StartView => build()
[09:00:21.896] |-INFO nju.pt.server.StartView => init()
[09:00:22.030] |-INFO nju.pt.server.StartView => init() return => nju.pt.server.StartView@6ee12876
[09:00:22.031] |-INFO nju.pt.server.StartView => layout()
[09:00:22.033] |-INFO nju.pt.server.StartView => layout() return => nju.pt.server.StartView@6ee12876
[09:00:22.034] |-INFO nju.pt.server.StartView => build() return => StackPane[id=StartView_rootStackPane]
[09:00:22.674] |-INFO nju.pt.server.AppUI => 完成UI构建，展示Start界面
[09:00:36.601] |-INFO nju.pt.server.AppUI => Judging whether the json file exists:
[09:00:36.602] |-INFO nju.pt.server.AppUI => Exists, loading json file...
[09:00:36.602] |-INFO JSON Reader => ===================== ReadingJsonFile =====================
[09:00:36.603] |-INFO JSON Reader => read json form C:\Users\80605\IdeaProjects\PTAssist\Server\ServerData\data.json
[09:00:36.614] |-INFO JSON Reader => JsonFileReadSuccessfully!
[09:00:36.677] |-INFO nju.pt.server.MainView => build(data: Data)
[09:00:36.705] |-INFO nju.pt.server.MainView => init <<< data = Data(teamDataList=[TeamData(id=1, name=1.0, schoolID=1, playerDataList=[PlayerData(id=1, name=张三, gender=男), PlayerData(id=2, name=李四, gender=女)], recordDataList=[RecordData(round=1, phase=1, roomID=1, questionID=1, masterID=1, role=R, score=1.0, weight=1.0)]), TeamData(id=2, name=2.0, schoolID=1, playerDataList=[PlayerData(id=3, name=张三, gender=男), PlayerData(id=4, name=李四, gender=女)], recordDataList=[RecordData(round=1, phase=1, roomID=1, questionID=1, masterID=3, role=R, score=1.0, weight=1.0)]), TeamData(id=3, name=3.0, schoolID=1, playerDataList=[PlayerData(id=5, name=张三, gender=男), PlayerData(id=6, name=李四, gender=女)], recordDataList=[RecordData(round=1, phase=1, roomID=1, questionID=1, masterID=5, role=R, score=1.0, weight=1.0)]), TeamData(id=4, name=4.0, schoolID=1, playerDataList=[PlayerData(id=7, name=张三, gender=男), PlayerData(id=8, name=李四, gender=女)], recordDataList=[RecordData(round=2, phase=1, roomID=1, questionID=1, masterID=7, role=R, score=1.0, weight=1.0)]), TeamData(id=5, name=5.0, schoolID=1, playerDataList=[PlayerData(id=9, name=张三, gender=男), PlayerData(id=10, name=李四, gender=女)], recordDataList=[RecordData(round=2, phase=1, roomID=1, questionID=1, masterID=9, role=R, score=1.0, weight=1.0)]), TeamData(id=6, name=6.0, schoolID=1, playerDataList=[PlayerData(id=11, name=张三, gender=男), PlayerData(id=12, name=李四, gender=女)], recordDataList=[RecordData(round=2, phase=1, roomID=1, questionID=1, masterID=11, role=R, score=1.0, weight=1.0)]), TeamData(id=7, name=7.0, schoolID=1, playerDataList=[PlayerData(id=13, name=张三, gender=男), PlayerData(id=14, name=李四, gender=女)], recordDataList=[RecordData(round=2, phase=1, roomID=1, questionID=1, masterID=13, role=R, score=1.0, weight=1.0)]), TeamData(id=8, name=8.0, schoolID=1, playerDataList=[PlayerData(id=15, name=张三, gender=男), PlayerData(id=16, name=李四, gender=女)], recordDataList=[RecordData(round=2, phase=1, roomID=1, questionID=1, masterID=15, role=R, score=1.0, weight=1.0)]), TeamData(id=9, name=9.0, schoolID=2, playerDataList=[PlayerData(id=17, name=张三, gender=男), PlayerData(id=18, name=李四, gender=女)], recordDataList=[]), TeamData(id=10, name=10.0, schoolID=2, playerDataList=[PlayerData(id=19, name=张三, gender=男), PlayerData(id=20, name=李四, gender=女)], recordDataList=[]), TeamData(id=11, name=11.0, schoolID=2, playerDataList=[PlayerData(id=21, name=张三, gender=男), PlayerData(id=22, name=李四, gender=女)], recordDataList=[]), TeamData(id=12, name=12.0, schoolID=2, playerDataList=[PlayerData(id=23, name=张三, gender=男), PlayerData(id=24, name=李四, gender=女)], recordDataList=[]), TeamData(id=13, name=13.0, schoolID=2, playerDataList=[PlayerData(id=25, name=张三, gender=男), PlayerData(id=26, name=李四, gender=女)], recordDataList=[]), TeamData(id=14, name=14.0, schoolID=2, playerDataList=[PlayerData(id=27, name=张三, gender=男), PlayerData(id=28, name=李四, gender=女)], recordDataList=[])], questionMap={1=你来发明}, schoolMap={1=南京大学, 2=北京大学})
[09:00:36.708] |-INFO nju.pt.server.MainView => init(data: Data)
[09:00:36.721] |-INFO nju.pt.server.MainView => load schoolNameList [南京大学, 北京大学]
[09:00:36.721] |-INFO nju.pt.server.MainView => load teamNameList [1.0, 2.0, 3.0, 4.0, 5.0, 6.0, 7.0, 8.0, 9.0, 10.0, 11.0, 12.0, 13.0, 14.0]
[09:00:36.721] |-INFO nju.pt.server.MainView => load playerDataList [PlayerData(id=1, name=张三, gender=男), PlayerData(id=2, name=李四, gender=女)]
[09:00:36.722] |-INFO nju.pt.server.MainView => load recordDataList [RecordData(round=1, phase=1, roomID=1, questionID=1, masterID=1, role=R, score=1.0, weight=1.0)]
[09:00:36.722] |-INFO nju.pt.server.MainView => init() return => nju.pt.server.MainView@3a21cfb4
[09:00:36.723] |-INFO nju.pt.server.MainView => select 0 in teamListView
[09:00:36.723] |-INFO nju.pt.server.MainView => action()
[09:00:36.724] |-INFO nju.pt.server.MainView => layout()
[09:00:36.741] |-INFO nju.pt.server.MainView => SelectedSchool:ListProperty [value: []]
[09:00:36.741] |-INFO nju.pt.server.MainView => build() return => HBox[id=MainView_rootHBox]
[09:00:52.756] |-INFO nju.pt.server.AppUI => selected:ListProperty [value: [北京大学]]
[09:00:52.776] |-INFO nju.pt.server.AppUI => select the first in teamListView
[09:00:56.203] |-INFO nju.pt.server.AppUI => selected:ListProperty [value: [南京大学]]
[09:00:56.205] |-INFO nju.pt.server.AppUI => select the first in teamListView
[09:01:05.260] |-INFO nju.pt.server.AppUI => selected:ListProperty [value: [北京大学]]
[09:01:05.262] |-INFO nju.pt.server.AppUI => select the first in teamListView
[20:50:08.924] |-INFO JSON Reader => ===================== ReadingJsonFile =====================
[20:50:08.928] |-INFO JSON Reader => read json form C:\Users\VC\IdeaProjects\PTAssist\Server\data.json
[20:50:08.956] |-ERROR JSON Reader => 未找到文件data.json: data.json (系统找不到指定的文件。)
[20:51:07.262] |-INFO JSON Reader => ===================== ReadingJsonFile =====================
[20:51:07.267] |-INFO JSON Reader => read json form C:\Users\VC\IdeaProjects\PTAssist\Server\data.json
[20:51:07.385] |-INFO JSON Reader => JsonFileReadSuccessfully!
